mode: set
github.com/hgcassiopeia/assessment/expenses/service/service.go:12.62,14.2 1 1
github.com/hgcassiopeia/assessment/expenses/service/service.go:16.93,19.16 2 1
github.com/hgcassiopeia/assessment/expenses/service/service.go:23.2,23.20 1 1
github.com/hgcassiopeia/assessment/expenses/service/service.go:19.16,21.3 1 1
github.com/hgcassiopeia/assessment/expenses/service/service.go:26.73,29.16 2 1
github.com/hgcassiopeia/assessment/expenses/service/service.go:33.2,33.20 1 1
github.com/hgcassiopeia/assessment/expenses/service/service.go:29.16,31.3 1 1
github.com/hgcassiopeia/assessment/expenses/service/service.go:36.107,38.2 1 0
github.com/hgcassiopeia/assessment/expenses/repo/repository.go:16.55,18.2 1 1
github.com/hgcassiopeia/assessment/expenses/repo/repository.go:20.90,23.16 3 1
github.com/hgcassiopeia/assessment/expenses/repo/repository.go:27.2,27.21 1 1
github.com/hgcassiopeia/assessment/expenses/repo/repository.go:23.16,25.3 1 1
github.com/hgcassiopeia/assessment/expenses/repo/repository.go:30.70,32.16 2 1
github.com/hgcassiopeia/assessment/expenses/repo/repository.go:36.2,40.16 4 1
github.com/hgcassiopeia/assessment/expenses/repo/repository.go:44.2,44.21 1 1
github.com/hgcassiopeia/assessment/expenses/repo/repository.go:32.16,34.3 1 1
github.com/hgcassiopeia/assessment/expenses/repo/repository.go:40.16,42.3 1 1
github.com/hgcassiopeia/assessment/expenses/repo/repository.go:47.104,49.16 2 1
github.com/hgcassiopeia/assessment/expenses/repo/repository.go:53.2,57.16 4 1
github.com/hgcassiopeia/assessment/expenses/repo/repository.go:61.2,61.21 1 1
github.com/hgcassiopeia/assessment/expenses/repo/repository.go:49.16,51.3 1 1
github.com/hgcassiopeia/assessment/expenses/repo/repository.go:57.16,59.3 1 1
